<?xml version="1.0" encoding="UTF-8"?>
<!-- Generated by org.testng.reporters.JUnitReportReporter -->
<testsuite hostname="PRITI-PC" failures="0" tests="1" name="test.RunTest" time="27.608" errors="0" timestamp="2021-08-25T19:20:07 IST" skipped="0">
  <testcase classname="test.RunTest" name="getdata" time="27.608"/>
  <system-out/>
</testsuite> <!-- test.RunTest -->
